<?xml version="1.0" encoding="UTF-8"?>
<!-- Generated by org.testng.reporters.JUnitReportReporter -->
<testsuite hostname="DESKTOP-RDDKEO6" failures="0" tests="1" name="test.AGlogin1" time="15.627" errors="0" timestamp="2024-08-23T13:16:59 IST" skipped="0">
  <testcase classname="test.AGlogin1" name="test1" time="15.627"/>
</testsuite> <!-- test.AGlogin1 -->
